2020-08-27 16:25:35,574;Capella;1.4.1.202006301603;Open+Session;ADI.aird;;
2020-08-27 16:26:14,306;Capella;1.4.1.202006301603;Open+Session;ADI.aird;OK;
2020-08-27 16:27:35,436;Capella;1.4.1.202006301603;Open+Representation;;;
2020-08-27 16:27:39,481;Capella;1.4.1.202006301603;Open+Representation;;OK;
2020-08-27 16:29:05,946;Capella;1.4.1.202006301603;Create+Representation;Mode+State+Machine;;
2020-08-27 16:29:05,946;Capella;1.4.1.202006301603;Create+Representation;Mode+State+Machine;OK;
2020-08-27 16:31:26,907;Capella;1.4.1.202006301603;Create+Representation;Mode+State+Machine;;92da6a54-e2f9-4129-b1d2-9142c44eb92d
2020-08-27 16:31:35,915;Capella;1.4.1.202006301603;Create+Representation;Mode+State+Machine;;92da6a54-e2f9-4129-b1d2-9142c44eb92d
2020-08-27 16:31:35,965;Capella;1.4.1.202006301603;Create+Representation;Mode+State+Machine;OK;92da6a54-e2f9-4129-b1d2-9142c44eb92d
2020-08-27 16:31:36,683;Capella;1.4.1.202006301603;Create+Representation;Mode+State+Machine;OK;92da6a54-e2f9-4129-b1d2-9142c44eb92d
2020-08-28 13:26:25,440;Capella;1.4.1.202006301603;Open+Session;ADI.aird;;
2020-08-28 13:26:28,567;Capella;1.4.1.202006301603;Open+Session;ADI.aird;OK;
2020-08-28 13:26:41,246;Capella;1.4.1.202006301603;Open+Representation;;;
2020-08-28 13:26:42,211;Capella;1.4.1.202006301603;Open+Representation;;OK;
2020-08-28 13:28:59,910;Capella;1.4.1.202006301603;Open+Representation;;;
2020-08-28 13:29:00,237;Capella;1.4.1.202006301603;Open+Representation;;OK;
2020-09-02 10:26:59,405;Capella;1.4.1.202006301603;Open+Representation;;;
2020-09-02 10:27:00,864;Capella;1.4.1.202006301603;Open+Representation;;OK;
2020-09-02 11:28:01,216;Capella;1.4.1.202006301603;Open+Representation;;;
2020-09-02 11:28:01,749;Capella;1.4.1.202006301603;Open+Representation;;OK;
2020-09-02 11:28:56,011;Capella;1.4.1.202006301603;Open+Representation;;;
2020-09-02 11:28:56,090;Capella;1.4.1.202006301603;Open+Representation;;OK;
2020-09-02 11:41:14,349;Capella;1.4.1.202006301603;Open+Representation;;;
2020-09-02 11:41:14,654;Capella;1.4.1.202006301603;Open+Representation;;OK;
2020-09-02 11:41:20,098;Capella;1.4.1.202006301603;Open+Representation;;;
2020-09-02 11:41:20,207;Capella;1.4.1.202006301603;Open+Representation;;OK;
2020-09-10 14:22:58,010;Capella;1.4.1.202006301603;Create+Representation;Physical+Architecture+Blank;;fd694cbd-71df-4c0f-bda4-470c224e997c
2020-09-10 14:22:59,284;Capella;1.4.1.202006301603;Create+Representation;Physical+Architecture+Blank;;fd694cbd-71df-4c0f-bda4-470c224e997c
2020-09-10 14:22:59,362;Capella;1.4.1.202006301603;Create+Representation;Physical+Architecture+Blank;OK;fd694cbd-71df-4c0f-bda4-470c224e997c
2020-09-10 14:23:00,715;Capella;1.4.1.202006301603;Create+Representation;Physical+Architecture+Blank;OK;fd694cbd-71df-4c0f-bda4-470c224e997c
2020-09-10 14:23:14,436;Capella;1.4.1.202006301603;Create+Representation;System+Architecture+Blank;;b2c8a15a-4edd-4984-bff3-880328271c4f
2020-09-10 14:23:15,729;Capella;1.4.1.202006301603;Create+Representation;System+Architecture+Blank;;b2c8a15a-4edd-4984-bff3-880328271c4f
2020-09-10 14:23:15,802;Capella;1.4.1.202006301603;Create+Representation;System+Architecture+Blank;OK;b2c8a15a-4edd-4984-bff3-880328271c4f
2020-09-10 14:23:16,976;Capella;1.4.1.202006301603;Create+Representation;System+Architecture+Blank;OK;b2c8a15a-4edd-4984-bff3-880328271c4f
2020-09-10 14:24:33,516;Capella;1.4.1.202006301603;Create+Representation;Operational+Entity+Blank;;09b1bc95-e998-4be7-b2e7-86eb769f2275
2020-09-10 14:24:34,698;Capella;1.4.1.202006301603;Create+Representation;Operational+Entity+Blank;;09b1bc95-e998-4be7-b2e7-86eb769f2275
2020-09-10 14:24:34,725;Capella;1.4.1.202006301603;Create+Representation;Operational+Entity+Blank;OK;09b1bc95-e998-4be7-b2e7-86eb769f2275
2020-09-10 14:24:35,988;Capella;1.4.1.202006301603;Create+Representation;Operational+Entity+Blank;OK;09b1bc95-e998-4be7-b2e7-86eb769f2275
2020-09-10 14:50:04,872;Capella;1.4.1.202006301603;Open+Representation;;;
2020-09-10 14:50:05,203;Capella;1.4.1.202006301603;Open+Representation;;OK;
2020-09-10 14:50:10,846;Capella;1.4.1.202006301603;Open+Representation;;;
2020-09-10 14:50:11,306;Capella;1.4.1.202006301603;Open+Representation;;OK;
2020-09-10 14:50:15,243;Capella;1.4.1.202006301603;Open+Representation;;;
2020-09-10 14:50:15,655;Capella;1.4.1.202006301603;Open+Representation;;OK;
2020-09-10 14:50:19,704;Capella;1.4.1.202006301603;Open+Representation;;;
2020-09-10 14:50:19,958;Capella;1.4.1.202006301603;Open+Representation;;OK;
2020-09-10 14:50:22,328;Capella;1.4.1.202006301603;Open+Representation;;;
2020-09-10 14:50:22,435;Capella;1.4.1.202006301603;Open+Representation;;OK;
2020-09-10 15:04:50,422;Capella;1.4.1.202006301603;Open+Representation;;;
2020-09-10 15:04:50,520;Capella;1.4.1.202006301603;Open+Representation;;OK;
2020-09-11 10:41:56,419;Capella;1.4.1.202006301603;Open+Representation;;;
2020-09-11 10:41:57,044;Capella;1.4.1.202006301603;Open+Representation;;OK;
2020-09-11 15:22:05,704;Capella;1.4.1.202006301603;Open+Representation;;;
2020-09-11 15:22:06,122;Capella;1.4.1.202006301603;Open+Representation;;OK;
2020-09-11 15:31:22,579;Capella;1.4.1.202006301603;Validation;;;
2020-09-11 15:31:26,906;Capella;1.4.1.202006301603;Validation;;OK;
2020-09-11 15:35:25,721;Capella;1.4.1.202006301603;Validation;;;
2020-09-11 15:35:28,649;Capella;1.4.1.202006301603;Validation;;OK;
2020-09-11 15:35:48,898;Capella;1.4.1.202006301603;Validation;;;
2020-09-11 15:35:51,588;Capella;1.4.1.202006301603;Validation;;OK;
2020-09-11 16:27:52,072;Capella;1.4.1.202006301603;Open+Representation;;;
2020-09-11 16:27:53,197;Capella;1.4.1.202006301603;Open+Representation;;OK;
2020-09-14 13:22:56,307;Capella;1.4.1.202006301603;Open+Representation;;;
2020-09-14 13:22:56,510;Capella;1.4.1.202006301603;Open+Representation;;OK;
2020-09-14 13:22:59,147;Capella;1.4.1.202006301603;Open+Representation;;;
2020-09-14 13:22:59,936;Capella;1.4.1.202006301603;Open+Representation;;OK;
2020-09-14 13:23:02,943;Capella;1.4.1.202006301603;Open+Representation;;;
2020-09-14 13:23:03,581;Capella;1.4.1.202006301603;Open+Representation;;OK;
2020-09-14 13:23:14,377;Capella;1.4.1.202006301603;Open+Representation;;;
2020-09-14 13:23:14,627;Capella;1.4.1.202006301603;Open+Representation;;OK;
2020-09-14 13:44:23,125;Capella;1.4.1.202006301603;Open+Representation;;;
2020-09-14 13:44:23,581;Capella;1.4.1.202006301603;Open+Representation;;OK;
2020-09-14 13:53:38,469;Capella;1.4.1.202006301603;Create+Representation;Physical+Architecture+Blank;;fd694cbd-71df-4c0f-bda4-470c224e997c
2020-09-14 13:53:39,572;Capella;1.4.1.202006301603;Create+Representation;Physical+Architecture+Blank;;fd694cbd-71df-4c0f-bda4-470c224e997c
2020-09-14 13:53:39,618;Capella;1.4.1.202006301603;Create+Representation;Physical+Architecture+Blank;OK;fd694cbd-71df-4c0f-bda4-470c224e997c
2020-09-14 13:53:40,846;Capella;1.4.1.202006301603;Create+Representation;Physical+Architecture+Blank;OK;fd694cbd-71df-4c0f-bda4-470c224e997c
2020-09-14 13:57:32,478;Capella;1.4.1.202006301603;Open+Session;ADI.aird;;
2020-09-14 13:57:34,280;Capella;1.4.1.202006301603;Open+Session;ADI.aird;;
2020-09-14 13:58:55,428;Capella;1.4.1.202006301603;Create+Representation;Physical+Component+Breakdown;;fd694cbd-71df-4c0f-bda4-470c224e997c
2020-09-14 13:58:56,682;Capella;1.4.1.202006301603;Create+Representation;Physical+Component+Breakdown;;fd694cbd-71df-4c0f-bda4-470c224e997c
2020-09-14 13:58:56,709;Capella;1.4.1.202006301603;Create+Representation;Physical+Component+Breakdown;OK;fd694cbd-71df-4c0f-bda4-470c224e997c
2020-09-14 13:58:57,436;Capella;1.4.1.202006301603;Create+Representation;Physical+Component+Breakdown;OK;fd694cbd-71df-4c0f-bda4-470c224e997c
2020-09-14 14:04:18,841;Capella;1.4.1.202006301603;Open+Session;ADI.aird;;
2020-09-14 14:04:49,946;Capella;1.4.1.202006301603;Validation;;;
2020-09-14 14:04:53,783;Capella;1.4.1.202006301603;Validation;;OK;
2020-09-14 14:08:16,632;Capella;1.4.1.202006301603;Transition;Functional+Transition;;
2020-09-14 14:08:40,477;Capella;1.4.1.202006301603;Transition;Functional+Transition;OK;
2020-09-14 14:09:00,118;Capella;1.4.1.202006301603;Transition;Functional+Transition;;
2020-09-14 14:09:14,980;Capella;1.4.1.202006301603;Transition;Functional+Transition;OK;
2020-09-14 14:10:03,292;Capella;1.4.1.202006301603;Create+Representation;Physical+Function+Breakdown;;a833bcfc-497d-4ed7-895c-b0f664b4af31
2020-09-14 14:10:05,348;Capella;1.4.1.202006301603;Create+Representation;Physical+Function+Breakdown;;a833bcfc-497d-4ed7-895c-b0f664b4af31
2020-09-14 14:10:05,494;Capella;1.4.1.202006301603;Create+Representation;Physical+Function+Breakdown;OK;a833bcfc-497d-4ed7-895c-b0f664b4af31
2020-09-14 14:10:06,685;Capella;1.4.1.202006301603;Create+Representation;Physical+Function+Breakdown;OK;a833bcfc-497d-4ed7-895c-b0f664b4af31
2020-09-14 14:14:17,124;Capella;1.4.1.202006301603;Create+Representation;Logical+Component+Breakdown;;a6b41bae-bdd8-44c1-98bf-64de505501a7
2020-09-14 14:14:18,337;Capella;1.4.1.202006301603;Create+Representation;Logical+Component+Breakdown;;a6b41bae-bdd8-44c1-98bf-64de505501a7
2020-09-14 14:14:18,390;Capella;1.4.1.202006301603;Create+Representation;Logical+Component+Breakdown;OK;a6b41bae-bdd8-44c1-98bf-64de505501a7
2020-09-14 14:14:19,272;Capella;1.4.1.202006301603;Create+Representation;Logical+Component+Breakdown;OK;a6b41bae-bdd8-44c1-98bf-64de505501a7
2020-09-14 14:14:36,473;Capella;1.4.1.202006301603;Transition;LC+%2F+LA+to+PC+%2F+PA+Transition;;
2020-09-14 14:14:45,030;Capella;1.4.1.202006301603;Transition;LC+%2F+LA+to+PC+%2F+PA+Transition;OK;
2020-09-14 14:44:36,698;Capella;1.4.1.202006301603;Open+Representation;;;
2020-09-14 14:44:36,911;Capella;1.4.1.202006301603;Open+Representation;;OK;
2020-09-15 13:50:13,926;Capella;1.4.1.202006301603;Open+Representation;;;
2020-09-15 13:50:14,479;Capella;1.4.1.202006301603;Open+Representation;;OK;
2020-09-15 14:02:09,600;Capella;1.4.1.202006301603;Open+Representation;;;
2020-09-15 14:02:10,473;Capella;1.4.1.202006301603;Open+Representation;;OK;
2020-09-15 15:06:44,547;Capella;1.4.1.202006301603;Open+Representation;;;
2020-09-15 15:06:44,964;Capella;1.4.1.202006301603;Open+Representation;;OK;
2020-09-15 15:06:49,096;Capella;1.4.1.202006301603;Open+Representation;;;
2020-09-15 15:06:49,348;Capella;1.4.1.202006301603;Open+Representation;;OK;
2020-09-15 15:06:52,148;Capella;1.4.1.202006301603;Open+Representation;;;
2020-09-15 15:06:52,503;Capella;1.4.1.202006301603;Open+Representation;;OK;
2020-09-15 15:44:57,496;Capella;1.4.1.202006301603;Open+Representation;;;
2020-09-15 15:44:58,666;Capella;1.4.1.202006301603;Open+Representation;;OK;
2020-09-15 16:51:02,551;Capella;1.4.1.202006301603;Open+Session;RCVE.aird;;
2020-09-15 16:51:06,438;Capella;1.4.1.202006301603;Open+Session;RCVE.aird;OK;
2020-09-15 16:51:07,676;Capella;1.4.1.202006301603;Open+Session;ADI.aird;;
2020-09-15 16:51:09,450;Capella;1.4.1.202006301603;Open+Session;ADI.aird;OK;
2020-09-15 16:51:33,325;Capella;1.4.1.202006301603;Open+Representation;;;
2020-09-15 16:51:34,358;Capella;1.4.1.202006301603;Open+Representation;;OK;
2020-09-15 16:51:48,318;Capella;1.4.1.202006301603;Open+Representation;;;
2020-09-15 16:51:49,131;Capella;1.4.1.202006301603;Open+Representation;;OK;
2020-09-15 17:00:12,147;Capella;1.4.1.202006301603;Open+Representation;;;
2020-09-15 17:00:12,481;Capella;1.4.1.202006301603;Open+Representation;;OK;
2020-09-15 17:34:46,895;Capella;1.4.1.202006301603;Open+Session;ADI.aird;;
2020-09-15 17:34:49,973;Capella;1.4.1.202006301603;Open+Session;ADI.aird;OK;
2020-09-15 17:35:01,161;Capella;1.4.1.202006301603;Open+Representation;;;
2020-09-15 17:35:01,837;Capella;1.4.1.202006301603;Open+Representation;;OK;
2020-09-15 17:35:10,628;Capella;1.4.1.202006301603;Open+Representation;;;
2020-09-15 17:35:12,283;Capella;1.4.1.202006301603;Open+Representation;;OK;
2020-09-16 10:00:14,985;Capella;1.4.1.202006301603;Open+Representation;;;
2020-09-16 10:00:15,485;Capella;1.4.1.202006301603;Open+Representation;;OK;
2020-09-16 10:03:47,456;Capella;1.4.1.202006301603;Open+Representation;;;
2020-09-16 10:03:48,491;Capella;1.4.1.202006301603;Open+Representation;;OK;
2020-09-16 13:13:42,107;Capella;1.4.1.202006301603;Open+Representation;;;
2020-09-16 13:13:42,556;Capella;1.4.1.202006301603;Open+Representation;;OK;
2020-09-16 15:04:58,203;Capella;1.4.1.202006301603;Open+Representation;;;
2020-09-16 15:04:58,608;Capella;1.4.1.202006301603;Open+Representation;;OK;
2020-09-16 15:25:53,611;Capella;1.4.1.202006301603;Open+Representation;;;
2020-09-16 15:25:55,335;Capella;1.4.1.202006301603;Open+Representation;;OK;
2020-09-16 15:31:32,998;Capella;1.4.1.202006301603;Open+Representation;;;
2020-09-16 15:31:33,927;Capella;1.4.1.202006301603;Open+Representation;;OK;
2020-09-16 15:34:22,743;Capella;1.4.1.202006301603;Open+Representation;;;
2020-09-16 15:34:22,842;Capella;1.4.1.202006301603;Open+Representation;;OK;
2020-09-17 15:02:17,825;Capella;1.4.1.202006301603;Open+Representation;;;
2020-09-17 15:02:18,201;Capella;1.4.1.202006301603;Open+Representation;;OK;
2020-09-17 16:29:40,446;Capella;1.4.1.202006301603;Open+Representation;;;
2020-09-17 16:29:40,537;Capella;1.4.1.202006301603;Open+Representation;;OK;
2020-09-17 16:53:16,669;Capella;1.4.1.202006301603;Open+Representation;;;
2020-09-17 16:53:16,914;Capella;1.4.1.202006301603;Open+Representation;;OK;
2020-09-17 16:53:22,079;Capella;1.4.1.202006301603;Open+Representation;;;
2020-09-17 16:53:22,169;Capella;1.4.1.202006301603;Open+Representation;;OK;
2020-09-17 16:56:03,773;Capella;1.4.1.202006301603;Open+Representation;;;
2020-09-17 16:56:03,864;Capella;1.4.1.202006301603;Open+Representation;;OK;
2020-09-17 16:56:05,621;Capella;1.4.1.202006301603;Open+Representation;;;
2020-09-17 16:56:05,715;Capella;1.4.1.202006301603;Open+Representation;;OK;
2020-09-17 17:04:00,785;Capella;1.4.1.202006301603;Open+Representation;;;
2020-09-17 17:04:00,878;Capella;1.4.1.202006301603;Open+Representation;;OK;
2020-09-17 17:12:16,469;Capella;1.4.1.202006301603;Open+Session;ADI.aird;;
2020-09-17 17:12:48,152;Capella;1.4.1.202006301603;Create+Representation;Logical+Architecture+Blank;;a6b41bae-bdd8-44c1-98bf-64de505501a7
2020-09-17 17:12:49,770;Capella;1.4.1.202006301603;Create+Representation;Logical+Architecture+Blank;;a6b41bae-bdd8-44c1-98bf-64de505501a7
2020-09-17 17:12:49,798;Capella;1.4.1.202006301603;Create+Representation;Logical+Architecture+Blank;OK;a6b41bae-bdd8-44c1-98bf-64de505501a7
2020-09-17 17:12:50,675;Capella;1.4.1.202006301603;Create+Representation;Logical+Architecture+Blank;OK;a6b41bae-bdd8-44c1-98bf-64de505501a7
2020-09-18 11:02:29,329;Capella;1.4.1.202006301603;Open+Representation;;;
2020-09-18 11:02:30,053;Capella;1.4.1.202006301603;Open+Representation;;OK;
2020-09-18 11:13:02,616;Capella;1.4.1.202006301603;Open+Representation;;;
2020-09-18 11:13:03,820;Capella;1.4.1.202006301603;Open+Representation;;OK;
2020-09-18 13:41:20,200;Capella;1.4.1.202006301603;Open+Representation;;;
2020-09-18 13:41:21,404;Capella;1.4.1.202006301603;Open+Representation;;OK;
2020-09-18 14:12:12,949;Capella;1.4.1.202006301603;Open+Representation;;;
2020-09-18 14:12:13,030;Capella;1.4.1.202006301603;Open+Representation;;OK;
2020-09-18 14:50:18,037;Capella;1.4.1.202006301603;Open+Representation;;;
2020-09-18 14:50:18,488;Capella;1.4.1.202006301603;Open+Representation;;OK;
2020-09-18 14:56:00,992;Capella;1.4.1.202006301603;Open+Representation;;;
2020-09-18 14:56:01,103;Capella;1.4.1.202006301603;Open+Representation;;OK;
2020-09-18 15:12:00,987;Capella;1.4.1.202006301603;Open+Session;RCVE.aird;;
2020-09-18 15:12:06,668;Capella;1.4.1.202006301603;Open+Session;RCVE.aird;OK;
2020-09-18 15:12:22,750;Capella;1.4.1.202006301603;Open+Representation;;;
2020-09-18 15:12:23,662;Capella;1.4.1.202006301603;Open+Representation;;OK;
2020-09-18 15:15:49,714;Capella;1.4.1.202006301603;Open+Representation;;;
2020-09-18 15:15:49,858;Capella;1.4.1.202006301603;Open+Representation;;OK;
2020-09-18 15:24:28,381;Capella;1.4.1.202006301603;Open+Representation;;;
2020-09-18 15:24:29,345;Capella;1.4.1.202006301603;Open+Representation;;OK;
2020-09-18 15:43:06,014;Capella;1.4.1.202006301603;Create+Representation;Logical+Architecture+Blank;;456a79ca-00fb-45d8-a4ce-e04ee787111e
2020-09-18 15:43:07,793;Capella;1.4.1.202006301603;Create+Representation;Logical+Architecture+Blank;;456a79ca-00fb-45d8-a4ce-e04ee787111e
2020-09-18 15:43:07,835;Capella;1.4.1.202006301603;Create+Representation;Logical+Architecture+Blank;OK;456a79ca-00fb-45d8-a4ce-e04ee787111e
2020-09-18 15:43:08,224;Capella;1.4.1.202006301603;Create+Representation;Logical+Architecture+Blank;OK;456a79ca-00fb-45d8-a4ce-e04ee787111e
2020-09-18 15:58:44,096;Capella;1.4.1.202006301603;Open+Representation;;;
2020-09-18 15:58:44,993;Capella;1.4.1.202006301603;Open+Representation;;OK;
2020-09-18 16:02:56,234;Capella;1.4.1.202006301603;Open+Representation;;;
2020-09-18 16:02:56,490;Capella;1.4.1.202006301603;Open+Representation;;OK;
2020-09-18 16:11:15,076;Capella;1.4.1.202006301603;Validation;;;
2020-09-18 16:11:24,107;Capella;1.4.1.202006301603;Validation;;OK;
2020-09-18 16:25:47,748;Capella;1.4.1.202006301603;Open+Representation;;;
2020-09-18 16:25:47,927;Capella;1.4.1.202006301603;Open+Representation;;OK;
2020-09-18 16:35:43,544;Capella;1.4.1.202006301603;Open+Representation;;;
2020-09-18 16:35:44,018;Capella;1.4.1.202006301603;Open+Representation;;OK;
2020-09-18 16:50:52,496;Capella;1.4.1.202006301603;Open+Representation;;;
2020-09-18 16:50:53,159;Capella;1.4.1.202006301603;Open+Representation;;OK;
2020-09-18 16:58:31,590;Capella;1.4.1.202006301603;Open+Representation;;;
2020-09-18 16:58:31,712;Capella;1.4.1.202006301603;Open+Representation;;OK;
2020-09-18 16:59:43,842;Capella;1.4.1.202006301603;Open+Representation;;;
2020-09-18 16:59:43,985;Capella;1.4.1.202006301603;Open+Representation;;OK;
2020-09-18 16:59:51,688;Capella;1.4.1.202006301603;Open+Representation;;;
2020-09-18 16:59:51,869;Capella;1.4.1.202006301603;Open+Representation;;OK;
2020-09-21 11:46:54,738;Capella;1.4.1.202006301603;Close+Session;RCVE.aird;;
2020-09-21 11:46:55,934;Capella;1.4.1.202006301603;Close+Session;RCVE.aird;OK;
2020-09-21 14:02:40,547;Capella;1.4.1.202006301603;Open+Representation;;;
2020-09-21 14:02:40,659;Capella;1.4.1.202006301603;Open+Representation;;OK;
2020-09-21 14:15:46,709;Capella;1.4.1.202006301603;Open+Representation;;;
2020-09-21 14:15:47,266;Capella;1.4.1.202006301603;Open+Representation;;OK;
2020-09-21 14:17:56,083;Capella;1.4.1.202006301603;Create+Representation;Logical+Architecture+Blank;;a6b41bae-bdd8-44c1-98bf-64de505501a7
2020-09-21 14:18:09,712;Capella;1.4.1.202006301603;Create+Representation;Logical+Architecture+Blank;;a6b41bae-bdd8-44c1-98bf-64de505501a7
2020-09-21 14:18:09,733;Capella;1.4.1.202006301603;Create+Representation;Logical+Architecture+Blank;OK;a6b41bae-bdd8-44c1-98bf-64de505501a7
2020-09-21 14:18:10,806;Capella;1.4.1.202006301603;Create+Representation;Logical+Architecture+Blank;OK;a6b41bae-bdd8-44c1-98bf-64de505501a7
2020-09-21 14:44:46,120;Capella;1.4.1.202006301603;Open+Representation;;;
2020-09-21 14:44:47,859;Capella;1.4.1.202006301603;Open+Representation;;OK;
2020-09-21 14:44:58,078;Capella;1.4.1.202006301603;Open+Representation;;;
2020-09-21 14:44:59,496;Capella;1.4.1.202006301603;Open+Representation;;OK;
2020-09-21 14:45:06,501;Capella;1.4.1.202006301603;Open+Representation;;;
2020-09-21 14:45:06,932;Capella;1.4.1.202006301603;Open+Representation;;OK;
2020-09-21 14:45:14,550;Capella;1.4.1.202006301603;Open+Representation;;;
2020-09-21 14:45:14,889;Capella;1.4.1.202006301603;Open+Representation;;OK;
2020-09-21 14:45:23,376;Capella;1.4.1.202006301603;Open+Representation;;;
2020-09-21 14:45:23,490;Capella;1.4.1.202006301603;Open+Representation;;OK;
2020-09-21 14:45:33,688;Capella;1.4.1.202006301603;Open+Representation;;;
2020-09-21 14:45:33,798;Capella;1.4.1.202006301603;Open+Representation;;OK;
2020-09-21 14:45:35,410;Capella;1.4.1.202006301603;Open+Representation;;;
2020-09-21 14:45:35,500;Capella;1.4.1.202006301603;Open+Representation;;OK;
2020-09-21 15:25:19,851;Capella;1.4.1.202006301603;Open+Session;RCVE.aird;;
2020-09-21 15:25:23,919;Capella;1.4.1.202006301603;Open+Session;RCVE.aird;OK;
2020-09-21 15:25:31,046;Capella;1.4.1.202006301603;Open+Session;ADI.aird;;
2020-09-21 15:25:32,794;Capella;1.4.1.202006301603;Open+Session;ADI.aird;OK;
2020-09-21 15:26:00,074;Capella;1.4.1.202006301603;Open+Representation;;;
2020-09-21 15:26:01,434;Capella;1.4.1.202006301603;Open+Representation;;OK;
2020-09-21 15:26:49,051;Capella;1.4.1.202006301603;Open+Representation;;;
2020-09-21 15:26:50,298;Capella;1.4.1.202006301603;Open+Representation;;OK;
2020-09-21 15:28:47,230;Capella;1.4.1.202006301603;Open+Representation;;;
2020-09-21 15:28:48,607;Capella;1.4.1.202006301603;Open+Representation;;OK;
2020-09-21 16:30:46,271;Capella;1.4.1.202006301603;Open+Representation;;;
2020-09-21 16:30:46,721;Capella;1.4.1.202006301603;Open+Representation;;OK;
2020-09-21 16:32:25,070;Capella;1.4.1.202006301603;Open+Representation;;;
2020-09-21 16:32:25,427;Capella;1.4.1.202006301603;Open+Representation;;OK;
2020-09-21 16:33:48,022;Capella;1.4.1.202006301603;Open+Representation;;;
2020-09-21 16:33:48,349;Capella;1.4.1.202006301603;Open+Representation;;OK;
2020-09-21 16:37:30,355;Capella;1.4.1.202006301603;Open+Representation;;;
2020-09-21 16:37:31,296;Capella;1.4.1.202006301603;Open+Representation;;OK;
2020-09-21 16:53:02,082;Capella;1.4.1.202006301603;Open+Representation;;;
2020-09-21 16:53:02,605;Capella;1.4.1.202006301603;Open+Representation;;OK;
2020-09-21 16:53:59,740;Capella;1.4.1.202006301603;Open+Representation;;;
2020-09-21 16:53:59,868;Capella;1.4.1.202006301603;Open+Representation;;OK;
2020-09-21 16:54:25,033;Capella;1.4.1.202006301603;Open+Representation;;;
2020-09-21 16:54:25,892;Capella;1.4.1.202006301603;Open+Representation;;OK;
2020-09-21 17:35:45,717;Capella;1.4.1.202006301603;Open+Representation;;;
2020-09-21 17:35:45,845;Capella;1.4.1.202006301603;Open+Representation;;OK;
2020-09-21 17:40:38,945;Capella;1.4.1.202006301603;Open+Representation;;;
2020-09-21 17:40:39,748;Capella;1.4.1.202006301603;Open+Representation;;OK;
2020-09-21 17:42:59,229;Capella;1.4.1.202006301603;Open+Representation;;;
2020-09-21 17:43:00,518;Capella;1.4.1.202006301603;Open+Representation;;OK;
2020-09-21 17:48:59,192;Capella;1.4.1.202006301603;Open+Representation;;;
2020-09-21 17:48:59,890;Capella;1.4.1.202006301603;Open+Representation;;OK;
2020-09-21 17:49:13,139;Capella;1.4.1.202006301603;Open+Representation;;;
2020-09-21 17:49:14,184;Capella;1.4.1.202006301603;Open+Representation;;OK;
2020-09-21 17:49:33,385;Capella;1.4.1.202006301603;Open+Representation;;;
2020-09-21 17:49:33,815;Capella;1.4.1.202006301603;Open+Representation;;OK;
2020-09-21 17:49:52,068;Capella;1.4.1.202006301603;Open+Representation;;;
2020-09-21 17:49:52,167;Capella;1.4.1.202006301603;Open+Representation;;OK;
2020-09-21 17:54:01,338;Capella;1.4.1.202006301603;Open+Representation;;;
2020-09-21 17:54:01,938;Capella;1.4.1.202006301603;Open+Representation;;OK;
2020-09-21 18:12:21,117;Capella;1.4.1.202006301603;Open+Representation;;;
2020-09-21 18:12:21,517;Capella;1.4.1.202006301603;Open+Representation;;OK;
2020-09-21 18:12:38,619;Capella;1.4.1.202006301603;Open+Representation;;;
2020-09-21 18:12:38,945;Capella;1.4.1.202006301603;Open+Representation;;OK;
2020-09-21 18:12:54,322;Capella;1.4.1.202006301603;Open+Representation;;;
2020-09-21 18:12:55,222;Capella;1.4.1.202006301603;Open+Representation;;OK;
2020-09-21 18:13:08,564;Capella;1.4.1.202006301603;Open+Representation;;;
2020-09-21 18:13:08,703;Capella;1.4.1.202006301603;Open+Representation;;OK;
2020-09-21 18:13:29,888;Capella;1.4.1.202006301603;Open+Representation;;;
2020-09-21 18:13:31,136;Capella;1.4.1.202006301603;Open+Representation;;OK;
2020-09-21 18:13:48,010;Capella;1.4.1.202006301603;Open+Representation;;;
2020-09-21 18:13:48,270;Capella;1.4.1.202006301603;Open+Representation;;OK;
2020-09-21 18:13:59,881;Capella;1.4.1.202006301603;Open+Representation;;;
2020-09-21 18:14:00,220;Capella;1.4.1.202006301603;Open+Representation;;OK;
2020-09-22 11:51:39,806;Capella;1.4.1.202006301603;Open+Representation;;;
2020-09-22 11:51:42,373;Capella;1.4.1.202006301603;Open+Representation;;OK;
2020-09-22 14:58:47,072;Capella;1.4.1.202006301603;Open+Representation;;;
2020-09-22 14:58:48,436;Capella;1.4.1.202006301603;Open+Representation;;OK;
2020-09-22 16:59:55,495;Capella;1.4.1.202006301603;Open+Representation;;;
2020-09-22 16:59:56,804;Capella;1.4.1.202006301603;Open+Representation;;OK;
2020-09-22 17:08:18,803;Capella;1.4.1.202006301603;Open+Representation;;;
2020-09-22 17:08:19,986;Capella;1.4.1.202006301603;Open+Representation;;OK;
2020-09-23 11:32:02,978;Capella;1.4.1.202006301603;Open+Representation;;;
2020-09-23 11:32:03,239;Capella;1.4.1.202006301603;Open+Representation;;OK;
2020-09-23 11:33:46,366;Capella;1.4.1.202006301603;Open+Session;RCVE.aird;;
2020-09-23 11:33:52,356;Capella;1.4.1.202006301603;Open+Session;RCVE.aird;OK;
2020-09-23 11:34:47,817;Capella;1.4.1.202006301603;Open+Representation;;;
2020-09-23 11:34:49,084;Capella;1.4.1.202006301603;Open+Representation;;OK;
2020-09-23 11:38:33,160;Capella;1.4.1.202006301603;Open+Representation;;;
2020-09-23 11:38:34,199;Capella;1.4.1.202006301603;Open+Representation;;OK;
2020-09-23 11:40:12,601;Capella;1.4.1.202006301603;Open+Representation;;;
2020-09-23 11:40:13,582;Capella;1.4.1.202006301603;Open+Representation;;OK;
2020-09-23 12:04:13,328;Capella;1.4.1.202006301603;Open+Session;RCVE.aird;;
2020-09-23 12:04:19,670;Capella;1.4.1.202006301603;Open+Session;RCVE.aird;OK;
2020-09-23 12:05:28,992;Capella;1.4.1.202006301603;Open+Session;ADI.aird;;
2020-09-23 12:36:07,429;Capella;1.4.1.202006301603;Open+Session;RCVE.aird;;
2020-09-23 12:36:13,448;Capella;1.4.1.202006301603;Open+Session;RCVE.aird;OK;
2020-09-23 13:06:51,269;Capella;1.4.1.202006301603;Open+Session;RCVE.aird;;
2020-09-23 13:06:57,549;Capella;1.4.1.202006301603;Open+Session;RCVE.aird;OK;
2020-09-23 13:13:25,637;Capella;1.4.1.202006301603;Open+Session;RCVE.aird;;
2020-09-23 13:13:32,731;Capella;1.4.1.202006301603;Open+Session;RCVE.aird;OK;
2020-09-23 13:15:18,962;Capella;1.4.1.202006301603;Open+Session;RCVE.aird;;
2020-09-23 13:15:25,054;Capella;1.4.1.202006301603;Open+Session;RCVE.aird;OK;
2020-09-23 13:16:35,878;Capella;1.4.1.202006301603;Open+Session;RCVE.aird;;
2020-09-23 13:16:42,012;Capella;1.4.1.202006301603;Open+Session;RCVE.aird;OK;
2020-09-23 13:23:45,509;Capella;1.4.1.202006301603;Open+Session;RCVE.aird;;
2020-09-23 13:23:52,018;Capella;1.4.1.202006301603;Open+Session;RCVE.aird;OK;
2020-09-23 13:24:58,156;Capella;1.4.1.202006301603;Open+Session;RCVE.aird;;
2020-09-23 13:25:04,868;Capella;1.4.1.202006301603;Open+Session;RCVE.aird;OK;
